┌──(nurdaulet㉿kali)-[~]└─$ cd /home/nurdaulet/                                                                                    ┌──(nurdaulet㉿kali)-[~]└─$ lsDesktop    PublicDocuments  sumofnumbers.cDownloads  TemplatesMakefile   VideosMusic      virtualbox-6.1_6.1.26-145957~Ubuntu~bionic_amd64.debPictures                                                                             ┌──(nurdaulet㉿kali)-[~]└─$ makemake -C /lib/modules/6.1.0-kali5-amd64/build M=/home/nurdaulet modulesmake[1]: Entering directory '/usr/src/linux-headers-6.1.0-kali5-amd64'  CC [M]  /home/nurdaulet/sumofnumbers.o/home/nurdaulet/sumofnumbers.c: In function ‘init_module’:/home/nurdaulet/sumofnumbers.c:13:1: error: ‘p’ undeclared (first use in this function)   13 | p = q+r      | ^/home/nurdaulet/sumofnumbers.c:13:1: note: each undeclared identifier is reported only once for each function it appears in/home/nurdaulet/sumofnumbers.c:14:18: warning: missing terminating " character   14 | printk(KERN_INFO "The sum of the numbers is %d\n, p);      |                  ^/home/nurdaulet/sumofnumbers.c:20:2: error: unterminated argument list invoking macro "printk"   20 | }      |  ^/home/nurdaulet/sumofnumbers.c:13:8: error: expected ‘;’ before ‘printk’   13 | p = q+r      |        ^      |        ;   14 | printk(KERN_INFO "The sum of the numbers is %d\n, p);      | ~~  /home/nurdaulet/sumofnumbers.c:14:1: error: expected declaration or statement at end of input   14 | printk(KERN_INFO "The sum of the numbers is %d\n, p);      | ^~~~~~/home/nurdaulet/sumofnumbers.c:10:5: warning: unused variable ‘o’ [-Wunused-variable]   10 | int o;      |     ^/home/nurdaulet/sumofnumbers.c:21: error: control reaches end of non-void function [-Werror=return-type]cc1: some warnings being treated as errorsmake[2]: * [/usr/src/linux-headers-6.1.0-kali5-common/scripts/Makefile.build:255: /home/nurdaulet/sumofnumbers.o] Error 1make[1]: * [/usr/src/linux-headers-6.1.0-kali5-common/Makefile:2030: /home/nurdaulet] Error 2make[1]: Leaving directory '/usr/src/linux-headers-6.1.0-kali5-amd64'make: *** [Makefile:3: all] Error 2                                                                             ┌──(nurdaulet㉿kali)-[~]└─$ makemake -C /lib/modules/6.1.0-kali5-amd64/build make[1]: Entering directory '/usr/src/linux-headers-6.1.0-kali5-amd64'mkdir: cannot create directory ‘.tmp_6871’: Permission deniedmkdir: cannot create directory ‘.tmp_6874’: Permission deniedmkdir: cannot create directory ‘.tmp_6877’: Permission deniedmkdir: cannot create directory ‘.tmp_6880’: Permission deniedmkdir: cannot create directory ‘.tmp_6883’: Permission deniedmkdir: cannot create directory ‘.tmp_6886’: Permission deniedmkdir: cannot create directory ‘.tmp_6889’: Permission deniedmkdir: cannot create directory ‘.tmp_6892’: Permission deniedmkdir: cannot create directory ‘.tmp_6895’: Permission deniedmkdir: cannot create directory ‘.tmp_6898’: Permission deniedmkdir: cannot create directory ‘.tmp_6901’: Permission deniedmkdir: cannot create directory ‘.tmp_6904’: Permission deniedmkdir: cannot create directory ‘.tmp_6907’: Permission deniedmkdir: cannot create directory ‘.tmp_6910’: Permission deniedmkdir: cannot create directory ‘.tmp_6913’: Permission deniedmkdir: cannot create directory ‘.tmp_6916’: Permission deniedmkdir: cannot create directory ‘.tmp_6919’: Permission deniedmkdir: cannot create directory ‘.tmp_6922’: Permission deniedmkdir: cannot create directory ‘.tmp_6925’: Permission deniedmkdir: cannot create directory ‘.tmp_6928’: Permission deniedmkdir: cannot create directory ‘.tmp_6931’: Permission deniedmkdir: cannot create directory ‘.tmp_6934’: Permission deniedmkdir: cannot create directory ‘.tmp_6937’: Permission deniedmkdir: cannot create directory ‘.tmp_6940’: Permission deniedmkdir: cannot create directory ‘.tmp_6943’: Permission deniedmkdir: cannot create directory ‘.tmp_6946’: Permission deniedmkdir: cannot create directory ‘.tmp_6950’: Permission deniedmkdir: cannot create directory ‘.tmp_6953’: Permission deniedmkdir: cannot create directory ‘.tmp_6956’: